<?xml version="1.0" encoding="utf-8"?><testsuites name="pytest tests"><testsuite name="pytest" errors="0" failures="0" skipped="0" tests="31" time="7.680" timestamp="2026-09-06T20:44:56.483459+00:00" hostname="agent-env-05309f89-f1dd-4a6a-a741-d59eff29d4b2"><testcase classname="tests.backend_test.TestPublic" name="test_root" time="0.133" /><testcase classname="tests.backend_test.TestAdmin" name="test_wrong_password" time="0.200" /><testcase classname="tests.backend_test.TestPublic" name="test_list_routes" time="0.088" /><testcase classname="tests.backend_test.TestAdmin" name="test_unauth_endpoints" time="0.283" /><testcase classname="tests.backend_test.TestPublic" name="test_route_detail" time="0.131" /><testcase classname="tests.backend_test.TestPublic" name="test_live_moves" time="4.131" /><testcase classname="tests.backend_test.TestAdmin" name="test_admin_me" time="0.160" /><testcase classname="tests.backend_test.TestAdmin" name="test_overview" time="0.065" /><testcase classname="tests.backend_test.TestAdmin" name="test_admin_sos_list" time="0.063" /><testcase classname="tests.backend_test.TestAdmin" name="test_admin_demand" time="0.060" /><testcase classname="tests.backend_test.TestAdmin" name="test_route_lifecycle" time="3.991" /><testcase classname="tests.backend_test.TestPublic" name="test_bus_by_id" time="0.131" /><testcase classname="tests.backend_test.TestPublic" name="test_nearest_stop" time="0.071" /><testcase classname="tests.backend_test.TestPublic" name="test_search_known" time="0.064" /><testcase classname="tests.backend_test.TestIter2Fare" name="test_fare_between_stops" time="0.138" /><testcase classname="tests.backend_test.TestPublic" name="test_search_unknown_logs_demand" time="0.337" /><testcase classname="tests.backend_test.TestIter2Fare" name="test_fare_reversed" time="0.135" /><testcase classname="tests.backend_test.TestPublic" name="test_sos_flow" time="0.247" /><testcase classname="tests.backend_test.TestIter2Fare" name="test_fare_same_stop" time="0.318" /><testcase classname="tests.backend_test.TestPublic" name="test_translate_cache" time="0.876" /><testcase classname="tests.backend_test.TestIter2Timetable" name="test_timetable_shape" time="0.142" /><testcase classname="tests.backend_test.TestIter2Timetable" name="test_timetable_404" time="0.065" /><testcase classname="tests.backend_test.TestIter2Suggestions" name="test_suggestion_flow" time="0.378" /><testcase classname="tests.backend_test.TestIter2Suggestions" name="test_suggestions_unauth" time="0.058" /><testcase classname="tests.backend_test.TestIter2AdminFindStops" name="test_find_stops_between" time="0.064" /><testcase classname="tests.backend_test.TestIter2AdminFindStops" name="test_create_route_with_osrm" time="0.604" /><testcase classname="tests.backend_test.TestIter2Stops" name="test_stop_arrivals" time="0.139" /><testcase classname="tests.backend_test.TestIter2Stops" name="test_stop_unknown_404" time="0.077" /><testcase classname="tests.backend_test.TestIter2Search" name="test_search_returns_fare_and_via" time="0.065" /><testcase classname="tests.backend_test.TestWebsocket" name="test_ws_snapshot" time="0.444" /><testcase classname="tests.backend_test.TestIter2Routes" name="test_routes_have_osrm_path" time="0.087" /></testsuite></testsuites>