<?xml version="1.0" encoding="utf-8"?><testsuites name="pytest tests"><testsuite name="pytest" errors="0" failures="0" skipped="0" tests="18" time="7.015" timestamp="2026-09-06T20:16:54.577538+00:00" hostname="agent-env-05309f89-f1dd-4a6a-a741-d59eff29d4b2"><testcase classname="tests.backend_test.TestAdmin" name="test_wrong_password" time="0.349" /><testcase classname="tests.backend_test.TestPublic" name="test_root" time="0.357" /><testcase classname="tests.backend_test.TestAdmin" name="test_unauth_endpoints" time="0.282" /><testcase classname="tests.backend_test.TestPublic" name="test_list_routes" time="0.077" /><testcase classname="tests.backend_test.TestPublic" name="test_route_detail" time="0.159" /><testcase classname="tests.backend_test.TestPublic" name="test_live_moves" time="4.165" /><testcase classname="tests.backend_test.TestAdmin" name="test_admin_me" time="0.158" /><testcase classname="tests.backend_test.TestAdmin" name="test_overview" time="0.061" /><testcase classname="tests.backend_test.TestAdmin" name="test_admin_sos_list" time="0.065" /><testcase classname="tests.backend_test.TestAdmin" name="test_admin_demand" time="0.068" /><testcase classname="tests.backend_test.TestAdmin" name="test_route_lifecycle" time="3.388" /><testcase classname="tests.backend_test.TestWebsocket" name="test_ws_snapshot" time="1.803" /><testcase classname="tests.backend_test.TestPublic" name="test_bus_by_id" time="0.144" /><testcase classname="tests.backend_test.TestPublic" name="test_nearest_stop" time="0.070" /><testcase classname="tests.backend_test.TestPublic" name="test_search_known" time="0.072" /><testcase classname="tests.backend_test.TestPublic" name="test_search_unknown_logs_demand" time="0.328" /><testcase classname="tests.backend_test.TestPublic" name="test_sos_flow" time="0.316" /><testcase classname="tests.backend_test.TestPublic" name="test_translate_cache" time="0.901" /></testsuite></testsuites>